2022-09-28 18:20:49 INFO  App:28 - User [id=1, username=Ales, email=ales@gmail.com, password=1234]
2022-09-28 18:20:49 INFO  App:32 - Credit [id=1, value=123.0]
2022-09-28 18:20:49 INFO  App:34 - start to create user in db...
2022-09-28 18:20:49 INFO  App:36 - user created!
2022-09-28 18:40:23 INFO  App:28 - User [id=1, username=Ales, email=ales@gmail.com, password=1234]
2022-09-28 18:40:23 INFO  App:32 - Credit [id=1, value=123.0]
2022-09-28 18:40:23 INFO  App:34 - start to create user in db...
2022-09-28 18:40:23 INFO  App:37 - user created!
2022-09-28 18:40:48 INFO  App:28 - User [id=1, username=Ales, email=ales@gmail.com, password=1234]
2022-09-28 18:40:48 INFO  App:32 - Credit [id=1, value=123.0]
2022-09-28 18:40:48 INFO  App:34 - start to create user in db...
2022-09-28 18:41:16 INFO  App:28 - User [id=1, username=Ales, email=ales@gmail.com, password=1234]
2022-09-28 18:41:16 INFO  App:32 - Credit [id=1, value=123.0]
2022-09-28 18:41:16 INFO  App:34 - start to create user in db...
2022-09-28 18:41:25 INFO  App:28 - User [id=1, username=Ales, email=ales@gmail.com, password=1234]
2022-09-28 18:41:25 INFO  App:32 - Credit [id=1, value=123.0]
2022-09-28 18:41:25 INFO  App:34 - start to create user in db...
2022-09-28 18:41:25 INFO  App:36 - user created!
2022-09-28 18:41:46 INFO  App:28 - User [id=1, username=Ales, email=ales@gmail.com, password=1234]
2022-09-28 18:41:46 INFO  App:32 - Credit [id=1, value=123.0]
2022-09-28 18:41:46 INFO  App:34 - start to create user in db...
2022-09-28 18:41:46 INFO  App:37 - user created!
2022-09-28 18:42:12 INFO  App:28 - User [id=1, username=Ales, email=ales@gmail.com, password=1234]
2022-09-28 18:42:12 INFO  App:32 - Credit [id=1, value=123.0]
2022-09-28 18:42:12 INFO  App:34 - start to create user in db...
2022-09-28 18:42:12 INFO  App:37 - user created!
2022-09-28 18:42:42 INFO  App:28 - User [id=1, username=Ales, email=ales@gmail.com, password=1234]
2022-09-28 18:42:42 INFO  App:32 - Credit [id=1, value=123.0]
2022-09-28 18:42:42 INFO  App:34 - start to create user in db...
2022-09-28 18:42:43 INFO  App:36 - user created!
2022-09-28 18:42:53 INFO  App:28 - User [id=1, username=Ales, email=ales@gmail.com, password=1234]
2022-09-28 18:42:53 INFO  App:32 - Credit [id=1, value=123.0]
2022-09-28 18:42:53 INFO  App:34 - start to create user in db...
2022-09-28 18:42:53 INFO  App:37 - user created!
2022-09-28 19:00:11 INFO  App:29 - User [id=1, username=Ales, email=ales@gmail.com, password=1234]
2022-09-28 19:00:11 INFO  App:33 - Credit [id=1, value=123.0]
2022-09-28 19:00:11 INFO  App:35 - start to create user in db...
2022-09-28 19:00:11 INFO  App:38 - user created!
2022-09-28 19:02:36 INFO  App:29 - User [id=1, username=Ales, email=ales@gmail.com, password=1234]
2022-09-28 19:02:36 INFO  App:33 - Credit [id=1, value=123.0]
2022-09-28 19:02:36 INFO  App:35 - start to create user in db...
2022-09-28 19:03:34 INFO  App:29 - User [id=1, username=Ales, email=ales@gmail.com, password=1234]
2022-09-28 19:03:34 INFO  App:33 - Credit [id=1, value=123.0]
2022-09-28 19:03:34 INFO  App:1511 - User [id=1, username=Ales, email=ales@gmail.com, password=1234]
2022-09-28 19:03:34 INFO  App:1511 - User [id=8, username=un1, email=un1@i.ua, password=1001]
2022-09-28 19:03:34 INFO  App:1511 - User [id=16, username=un2, email=un2@i.ua, password=1001]
2022-09-28 19:22:42 INFO  App:31 - User [id=1, username=Ales, email=ales@gmail.com, password=1234]
2022-09-28 19:22:42 INFO  App:35 - Credit [id=1, value=123.0]
2022-09-28 19:22:42 INFO  App:1511 - User [id=1, username=Ales, email=ales@gmail.com, password=1234]
2022-09-28 19:22:42 INFO  App:1511 - User [id=8, username=un1, email=un1@i.ua, password=1001]
2022-09-28 19:22:42 INFO  App:1511 - User [id=16, username=un2, email=un2@i.ua, password=1001]
2022-09-28 19:38:00 INFO  App:31 - User [id=1, username=Ales, email=ales@gmail.com, password=1234]
2022-09-28 19:38:00 INFO  App:35 - Credit [id=1, value=123.0]
2022-09-28 19:38:00 INFO  App:1511 - User [id=1, username=Ales, email=ales@gmail.com, password=1234]
2022-09-28 19:38:00 INFO  App:1511 - User [id=8, username=un1, email=un1@i.ua, password=1001]
2022-09-28 19:38:00 INFO  App:1511 - User [id=16, username=un2, email=un2@i.ua, password=1001]
2022-09-28 19:39:16 INFO  App:31 - User [id=1, username=Ales, email=ales@gmail.com, password=1234]
2022-09-28 19:39:16 INFO  App:35 - Credit [id=1, value=123.0]
2022-09-28 19:39:16 INFO  App:1511 - User [id=1, username=Ales, email=ales@gmail.com, password=1234]
2022-09-28 19:39:16 INFO  App:1511 - User [id=8, username=un1, email=un1@i.ua, password=1001]
2022-09-28 19:39:16 INFO  App:1511 - User [id=16, username=un2, email=un2@i.ua, password=1001]
2022-09-28 19:40:28 INFO  App:31 - User [id=1, username=Ales, email=ales@gmail.com, password=1234]
2022-09-28 19:40:28 INFO  App:35 - Credit [id=1, value=123.0]
2022-09-28 19:40:28 INFO  App:1511 - User [id=1, username=Ales, email=ales@gmail.com, password=1234]
2022-09-28 19:40:28 INFO  App:1511 - User [id=8, username=un1, email=un1@i.ua, password=1001]
2022-09-28 19:40:28 INFO  App:1511 - User [id=16, username=un2, email=un2@i.ua, password=1001]
2022-09-28 19:40:28 INFO  App:1511 - User [id=18, username=Олечка, email=koshechka146@gmail.com, password=0000]
2022-09-28 20:00:42 INFO  App:1511 - User [id=1, username=Ales, email=ales@gmail.com, password=1234]
2022-09-28 20:00:42 INFO  App:1511 - User [id=8, username=un1, email=un1@i.ua, password=1001]
2022-09-28 20:00:42 INFO  App:1511 - User [id=16, username=un2, email=un2@i.ua, password=1001]
2022-09-28 20:00:42 INFO  App:1511 - User [id=18, username=Олечка, email=koshechka146@gmail.com, password=0000]
2022-09-28 20:01:12 INFO  App:1511 - User [id=1, username=Ales, email=ales@gmail.com, password=1234]
2022-09-28 20:01:12 INFO  App:1511 - User [id=8, username=un1, email=un1@i.ua, password=1001]
2022-09-28 20:01:12 INFO  App:1511 - User [id=16, username=un2, email=un2@i.ua, password=1001]
2022-09-28 20:01:12 INFO  App:1511 - User [id=18, username=Олечка, email=koshechka146@gmail.com, password=0000]
2022-09-28 20:01:12 INFO  App:1511 - User [id=1, username=Ales, email=ales@gmail.com, password=1234]
2022-09-28 20:01:12 INFO  App:1511 - User [id=8, username=un1, email=un1@i.ua, password=1001]
2022-09-28 20:01:12 INFO  App:1511 - User [id=16, username=un2, email=un2@i.ua, password=1001]
2022-09-28 20:01:12 INFO  App:1511 - User [id=18, username=un3, email=un3@gmail.com, password=0000]
2022-09-28 20:01:43 INFO  App:1511 - User [id=1, username=Ales, email=ales@gmail.com, password=1234]
2022-09-28 20:01:43 INFO  App:1511 - User [id=8, username=un1, email=un1@i.ua, password=1001]
2022-09-28 20:01:43 INFO  App:1511 - User [id=16, username=un2, email=un2@i.ua, password=1001]
2022-09-28 20:01:43 INFO  App:1511 - User [id=18, username=Олечка, email=koshechka146@gmail.com, password=0000]
2022-09-28 20:01:56 INFO  App:1511 - User [id=1, username=Ales, email=ales@gmail.com, password=1234]
2022-09-28 20:01:56 INFO  App:1511 - User [id=8, username=un1, email=un1@i.ua, password=1001]
2022-09-28 20:01:56 INFO  App:1511 - User [id=16, username=un2, email=un2@i.ua, password=1001]
2022-09-28 20:01:56 INFO  App:1511 - User [id=18, username=Олечка, email=koshechka146@gmail.com, password=0000]
2022-09-28 20:01:56 INFO  App:1511 - User [id=1, username=Ales, email=ales@gmail.com, password=1234]
2022-09-28 20:01:56 INFO  App:1511 - User [id=8, username=un1, email=un1@i.ua, password=1001]
2022-09-28 20:01:56 INFO  App:1511 - User [id=16, username=un2, email=un2@i.ua, password=1001]
2022-09-28 20:01:56 INFO  App:1511 - User [id=18, username=un3, email=un3@gmail.com, password=0000]
2022-09-28 20:02:13 INFO  App:1511 - User [id=1, username=Ales, email=ales@gmail.com, password=1234]
2022-09-28 20:02:13 INFO  App:1511 - User [id=8, username=un1, email=un1@i.ua, password=1001]
2022-09-28 20:02:13 INFO  App:1511 - User [id=16, username=un2, email=un2@i.ua, password=1001]
2022-09-28 20:02:13 INFO  App:1511 - User [id=18, username=Олечка, email=koshechka146@gmail.com, password=0000]
2022-09-28 20:02:13 INFO  App:1511 - User [id=1, username=Ales, email=ales@gmail.com, password=1234]
2022-09-28 20:02:13 INFO  App:1511 - User [id=8, username=un1, email=un1@i.ua, password=1001]
2022-09-28 20:02:13 INFO  App:1511 - User [id=16, username=un2, email=un2@i.ua, password=1001]
2022-09-28 20:02:13 INFO  App:1511 - User [id=18, username=un3, email=un3@gmail.com, password=0000]
2022-09-28 20:02:56 INFO  App:1511 - User [id=1, username=Ales, email=ales@gmail.com, password=1234]
2022-09-28 20:02:56 INFO  App:1511 - User [id=8, username=un1, email=un1@i.ua, password=1001]
2022-09-28 20:02:56 INFO  App:1511 - User [id=16, username=un2, email=un2@i.ua, password=1001]
2022-09-28 20:02:56 INFO  App:1511 - User [id=18, username=Олечка, email=koshechka146@gmail.com, password=0000]
2022-09-28 20:02:56 INFO  App:1511 - User [id=1, username=Ales, email=ales@gmail.com, password=1234]
2022-09-28 20:02:56 INFO  App:1511 - User [id=8, username=un1, email=un1@i.ua, password=1001]
2022-09-28 20:02:56 INFO  App:1511 - User [id=16, username=un2, email=un2@i.ua, password=1001]
2022-09-28 20:02:56 INFO  App:1511 - User [id=18, username=un3, email=un3@gmail.com, password=0000]
2022-09-28 23:21:11 INFO  App:1511 - User [id=1, username=Ales, email=ales@gmail.com, password=1234]
2022-09-28 23:21:11 INFO  App:1511 - User [id=8, username=un1, email=un1@i.ua, password=1001]
2022-09-28 23:21:11 INFO  App:1511 - User [id=16, username=un2, email=un2@i.ua, password=1001]
2022-09-28 23:21:11 INFO  App:1511 - User [id=18, username=un3, email=un3@gmail.com, password=0000]
2022-09-28 23:21:11 INFO  App:1511 - User [id=1, username=Ales, email=ales@gmail.com, password=1234]
2022-09-28 23:21:11 INFO  App:1511 - User [id=8, username=un1, email=un1@i.ua, password=1001]
2022-09-28 23:21:11 INFO  App:1511 - User [id=16, username=un2, email=un2@i.ua, password=1001]
2022-09-28 23:21:11 INFO  App:1511 - User [id=18, username=un3, email=un3@gmail.com, password=0000]
2022-09-28 23:21:29 INFO  App:1511 - User [id=1, username=Ales, email=ales@gmail.com, password=1234]
2022-09-28 23:21:29 INFO  App:1511 - User [id=8, username=un1, email=un1@i.ua, password=1001]
2022-09-28 23:21:29 INFO  App:1511 - User [id=16, username=un2, email=un2@i.ua, password=1001]
2022-09-28 23:21:29 INFO  App:1511 - User [id=18, username=un3, email=un3@gmail.com, password=0000]
2022-09-28 23:21:29 INFO  App:1511 - User [id=1, username=Ales, email=ales@gmail.com, password=1234]
2022-09-28 23:21:29 INFO  App:1511 - User [id=8, username=un1, email=un1@i.ua, password=1001]
2022-09-28 23:21:29 INFO  App:1511 - User [id=16, username=un2, email=un2@i.ua, password=1001]
2022-09-28 23:21:29 INFO  App:1511 - User [id=18, username=un3, email=un3@gmail.com, password=0000]
2022-09-28 23:21:29 INFO  App:1511 - User [id=1, username=Ales, email=ales@gmail.com, password=1234]
2022-09-28 23:21:29 INFO  App:1511 - User [id=8, username=un1, email=un1@i.ua, password=1001]
2022-09-28 23:21:29 INFO  App:1511 - User [id=16, username=un2, email=un2@i.ua, password=1001]
